2025-06-02 20:12:50:1250 [31merror[39m: [31mMONGO_URI is not defined[39m
2025-06-02 20:54:50:5450 [31merror[39m: [31mError occurred: [[39m
[31m  {[39m
[31m    "code": "invalid_type",[39m
[31m    "expected": "object",[39m
[31m    "received": "undefined",[39m
[31m    "path": [],[39m
[31m    "message": "Required"[39m
[31m  }[39m
[31m][39m
2025-06-02 20:54:53:5453 [31merror[39m: [31mError occurred: [[39m
[31m  {[39m
[31m    "code": "invalid_type",[39m
[31m    "expected": "object",[39m
[31m    "received": "undefined",[39m
[31m    "path": [],[39m
[31m    "message": "Required"[39m
[31m  }[39m
[31m][39m
2025-06-02 20:54:56:5456 [31merror[39m: [31mError occurred: [[39m
[31m  {[39m
[31m    "code": "invalid_type",[39m
[31m    "expected": "string",[39m
[31m    "received": "undefined",[39m
[31m    "path": [[39m
[31m      "name"[39m
[31m    ],[39m
[31m    "message": "Required"[39m
[31m  }[39m
[31m][39m
2025-06-02 20:59:06:596 [31merror[39m: [31mService error at ( createCategory ) => Error: Category already exist[39m
2025-06-02 20:59:06:596 [31merror[39m: [31mError occurred: Category already exist[39m
2025-06-02 20:59:07:597 [31merror[39m: [31mService error at ( createCategory ) => Error: Category already exist[39m
2025-06-02 20:59:07:597 [31merror[39m: [31mError occurred: Category already exist[39m
2025-06-02 20:59:08:598 [31merror[39m: [31mService error at ( createCategory ) => Error: Category already exist[39m
2025-06-02 20:59:08:598 [31merror[39m: [31mError occurred: Category already exist[39m
2025-06-02 20:59:17:5917 [31merror[39m: [31mService error at ( createCategory ) => Error: Category already exist[39m
2025-06-02 20:59:17:5917 [31merror[39m: [31mError occurred: Category already exist[39m
2025-06-02 20:59:31:5931 [31merror[39m: [31mService error at ( getCategoryById ) => Error: Category not exist[39m
2025-06-02 20:59:31:5931 [31merror[39m: [31mError occurred: Category not exist[39m
2025-06-02 21:01:06:16 [31merror[39m: [31mService error at ( deleteCategory ) => Error: Category not exist[39m
2025-06-02 21:01:06:16 [31merror[39m: [31mError occurred: Category not exist[39m
2025-06-02 21:01:08:18 [31merror[39m: [31mService error at ( deleteCategory ) => Error: Category not exist[39m
2025-06-02 21:01:08:18 [31merror[39m: [31mError occurred: Category not exist[39m
2025-06-02 21:52:19:5219 [31merror[39m: [31mError occurred: input must be a 24 character hex string, 12 byte Uint8Array, or an integer[39m
2025-06-02 21:52:20:5220 [31merror[39m: [31mError occurred: input must be a 24 character hex string, 12 byte Uint8Array, or an integer[39m
2025-06-02 21:52:22:5222 [31merror[39m: [31mError occurred: input must be a 24 character hex string, 12 byte Uint8Array, or an integer[39m
2025-06-02 21:52:26:5226 [31merror[39m: [31mError occurred: input must be a 24 character hex string, 12 byte Uint8Array, or an integer[39m
2025-06-02 21:52:28:5228 [31merror[39m: [31mError occurred: input must be a 24 character hex string, 12 byte Uint8Array, or an integer[39m
2025-06-02 21:52:30:5230 [31merror[39m: [31mError occurred: input must be a 24 character hex string, 12 byte Uint8Array, or an integer[39m
2025-06-02 21:52:56:5256 [31merror[39m: [31mError occurred: input must be a 24 character hex string, 12 byte Uint8Array, or an integer[39m
2025-06-02 22:22:55:2255 [31merror[39m: [31mError occurred: [[39m
[31m  {[39m
[31m    "code": "invalid_type",[39m
[31m    "expected": "string",[39m
[31m    "received": "undefined",[39m
[31m    "path": [[39m
[31m      "name"[39m
[31m    ],[39m
[31m    "message": "Required"[39m
[31m  }[39m
[31m][39m
2025-06-02 22:23:48:2348 [31merror[39m: [31mError occurred: [[39m
[31m  {[39m
[31m    "code": "invalid_type",[39m
[31m    "expected": "string",[39m
[31m    "received": "undefined",[39m
[31m    "path": [[39m
[31m      "name"[39m
[31m    ],[39m
[31m    "message": "Required"[39m
[31m  }[39m
[31m][39m
2025-06-02 22:39:56:3956 [31merror[39m: [31mService error at ( getAllCategories ) => MongoServerSelectionError: connect ECONNREFUSED ::1:27017, connect ECONNREFUSED 127.0.0.1:27017[39m
2025-06-02 22:39:56:3956 [31merror[39m: [31mError occurred: connect ECONNREFUSED ::1:27017, connect ECONNREFUSED 127.0.0.1:27017[39m
2025-06-02 22:40:39:4039 [31merror[39m: [31mService error at ( getAllCategories ) => MongoServerSelectionError: connect ECONNREFUSED ::1:27017, connect ECONNREFUSED 127.0.0.1:27017[39m
2025-06-02 22:40:39:4039 [31merror[39m: [31mError occurred: connect ECONNREFUSED ::1:27017, connect ECONNREFUSED 127.0.0.1:27017[39m
2025-06-02 22:41:09:419 [31merror[39m: [31mService error at ( getAllCategories ) => MongoServerSelectionError: connect ECONNREFUSED ::1:27017, connect ECONNREFUSED 127.0.0.1:27017[39m
2025-06-02 22:41:09:419 [31merror[39m: [31mError occurred: connect ECONNREFUSED ::1:27017, connect ECONNREFUSED 127.0.0.1:27017[39m
2025-06-02 22:41:35:4135 [31merror[39m: [31mService error at ( getAllCategories ) => MongoServerSelectionError: connect ECONNREFUSED ::1:27017, connect ECONNREFUSED 127.0.0.1:27017[39m
2025-06-02 22:41:35:4135 [31merror[39m: [31mError occurred: connect ECONNREFUSED ::1:27017, connect ECONNREFUSED 127.0.0.1:27017[39m
2025-06-02 22:42:07:427 [31merror[39m: [31mService error at ( getAllCategories ) => MongoServerSelectionError: connect ECONNREFUSED ::1:27017, connect ECONNREFUSED 127.0.0.1:27017[39m
2025-06-02 22:42:07:427 [31merror[39m: [31mError occurred: connect ECONNREFUSED ::1:27017, connect ECONNREFUSED 127.0.0.1:27017[39m
2025-06-02 22:42:41:4241 [31merror[39m: [31mService error at ( getAllCategories ) => MongoServerSelectionError: connect ECONNREFUSED ::1:27017, connect ECONNREFUSED 127.0.0.1:27017[39m
2025-06-02 22:42:41:4241 [31merror[39m: [31mError occurred: connect ECONNREFUSED ::1:27017, connect ECONNREFUSED 127.0.0.1:27017[39m
2025-06-02 22:43:35:4335 [31merror[39m: [31mService error at ( getAllCategories ) => MongoServerSelectionError: connect ECONNREFUSED ::1:27017, connect ECONNREFUSED 127.0.0.1:27017[39m
2025-06-02 22:43:35:4335 [31merror[39m: [31mError occurred: connect ECONNREFUSED ::1:27017, connect ECONNREFUSED 127.0.0.1:27017[39m
2025-06-02 22:49:35:4935 [31merror[39m: [31mService error at ( createCategory ) => Error: Category already exist[39m
2025-06-02 22:49:35:4935 [31merror[39m: [31mError occurred: Category already exist[39m
2025-06-02 22:50:09:509 [31merror[39m: [31mService error at ( updateCategory ) => Error: Category already exist[39m
2025-06-02 22:50:09:509 [31merror[39m: [31mError occurred: Category already exist[39m
2025-06-02 22:50:11:5011 [31merror[39m: [31mService error at ( updateCategory ) => Error: Category already exist[39m
2025-06-02 22:50:11:5011 [31merror[39m: [31mError occurred: Category already exist[39m
2025-06-03 13:31:28:3128 [31merror[39m: [31mError occurred: [[39m
[31m  {[39m
[31m    "code": "invalid_type",[39m
[31m    "expected": "object",[39m
[31m    "received": "undefined",[39m
[31m    "path": [],[39m
[31m    "message": "Required"[39m
[31m  }[39m
[31m][39m
2025-06-03 13:31:30:3130 [31merror[39m: [31mError occurred: [[39m
[31m  {[39m
[31m    "code": "invalid_type",[39m
[31m    "expected": "object",[39m
[31m    "received": "undefined",[39m
[31m    "path": [],[39m
[31m    "message": "Required"[39m
[31m  }[39m
[31m][39m
2025-06-03 13:31:33:3133 [31merror[39m: [31mError occurred: [[39m
[31m  {[39m
[31m    "code": "invalid_type",[39m
[31m    "expected": "string",[39m
[31m    "received": "undefined",[39m
[31m    "path": [[39m
[31m      "title"[39m
[31m    ],[39m
[31m    "message": "Required"[39m
[31m  },[39m
[31m  {[39m
[31m    "expected": "'FULL_TIME' | 'PART_TIME' | 'REMOTE' | 'FREELANCE'",[39m
[31m    "received": "undefined",[39m
[31m    "code": "invalid_type",[39m
[31m    "path": [[39m
[31m      "jobType"[39m
[31m    ],[39m
[31m    "message": "Required"[39m
[31m  },[39m
[31m  {[39m
[31m    "expected": "'INTERN' | 'JUNIOR' | 'MID' | 'SENIOR' | 'EXECUTIVE'",[39m
[31m    "received": "undefined",[39m
[31m    "code": "invalid_type",[39m
[31m    "path": [[39m
[31m      "experience"[39m
[31m    ],[39m
[31m    "message": "Required"[39m
[31m  },[39m
[31m  {[39m
[31m    "code": "invalid_type",[39m
[31m    "expected": "string",[39m
[31m    "received": "undefined",[39m
[31m    "path": [[39m
[31m      "category"[39m
[31m    ],[39m
[31m    "message": "Required"[39m
[31m  },[39m
[31m  {[39m
[31m    "code": "invalid_type",[39m
[31m    "expected": "string",[39m
[31m    "received": "undefined",[39m
[31m    "path": [[39m
[31m      "location"[39m
[31m    ],[39m
[31m    "message": "Required"[39m
[31m  },[39m
[31m  {[39m
[31m    "code": "invalid_type",[39m
[31m    "expected": "string",[39m
[31m    "received": "undefined",[39m
[31m    "path": [[39m
[31m      "info"[39m
[31m    ],[39m
[31m    "message": "Required"[39m
[31m  },[39m
[31m  {[39m
[31m    "code": "invalid_type",[39m
[31m    "expected": "array",[39m
[31m    "received": "undefined",[39m
[31m    "path": [[39m
[31m      "description"[39m
[31m    ],[39m
[31m    "message": "Required"[39m
[31m  },[39m
[31m  {[39m
[31m    "code": "invalid_type",[39m
[31m    "expected": "array",[39m
[31m    "received": "undefined",[39m
[31m    "path": [[39m
[31m      "qualifications"[39m
[31m    ],[39m
[31m    "message": "Required"[39m
[31m  },[39m
[31m  {[39m
[31m    "code": "invalid_type",[39m
[31m    "expected": "array",[39m
[31m    "received": "undefined",[39m
[31m    "path": [[39m
[31m      "benefits"[39m
[31m    ],[39m
[31m    "message": "Required"[39m
[31m  },[39m
[31m  {[39m
[31m    "code": "invalid_type",[39m
[31m    "expected": "boolean",[39m
[31m    "received": "undefined",[39m
[31m    "path": [[39m
[31m      "isNegotiable"[39m
[31m    ],[39m
[31m    "message": "Required"[39m
[31m  }[39m
[31m][39m
2025-06-03 13:34:12:3412 [31merror[39m: [31mError occurred: [[39m
[31m  {[39m
[31m    "code": "custom",[39m
[31m    "message": "Both salaryFrom and salaryTo are required when the job is not negotiable.",[39m
[31m    "path": [[39m
[31m      "salaryFrom",[39m
[31m      "salaryTo"[39m
[31m    ][39m
[31m  }[39m
[31m][39m
2025-06-03 13:34:21:3421 [31merror[39m: [31mService error at ( createJob ) => Error: Job with current title already exist[39m
2025-06-03 13:34:21:3421 [31merror[39m: [31mError occurred: Job with current title already exist[39m
2025-06-03 13:36:20:3620 [31merror[39m: [31mError occurred: [[39m
[31m  {[39m
[31m    "code": "custom",[39m
[31m    "message": "Both salaryFrom and salaryTo are required when the job is not negotiable.",[39m
[31m    "path": [[39m
[31m      "salaryFrom",[39m
[31m      "salaryTo"[39m
[31m    ][39m
[31m  }[39m
[31m][39m
2025-06-03 13:36:44:3644 [31merror[39m: [31mService error at ( createJob ) => Error: Job with current title already exist[39m
2025-06-03 13:36:44:3644 [31merror[39m: [31mError occurred: Job with current title already exist[39m
2025-06-03 13:36:54:3654 [31merror[39m: [31mError occurred: [[39m
[31m  {[39m
[31m    "code": "custom",[39m
[31m    "message": "Both salaryFrom and salaryTo are required when the job is not negotiable.",[39m
[31m    "path": [[39m
[31m      "salaryFrom",[39m
[31m      "salaryTo"[39m
[31m    ][39m
[31m  }[39m
[31m][39m
2025-06-03 13:37:21:3721 [31merror[39m: [31mService error at ( createJob ) => Error: Job with current title already exist[39m
2025-06-03 13:37:21:3721 [31merror[39m: [31mError occurred: Job with current title already exist[39m
2025-06-03 13:37:33:3733 [31merror[39m: [31mService error at ( getJobById ) => Error: Job not exist[39m
2025-06-03 13:37:33:3733 [31merror[39m: [31mError occurred: Job not exist[39m
2025-06-03 13:38:43:3843 [31merror[39m: [31mError occurred: [[39m
[31m  {[39m
[31m    "code": "invalid_type",[39m
[31m    "expected": "object",[39m
[31m    "received": "undefined",[39m
[31m    "path": [],[39m
[31m    "message": "Required"[39m
[31m  }[39m
[31m][39m
2025-06-03 13:38:47:3847 [31merror[39m: [31mError occurred: [[39m
[31m  {[39m
[31m    "code": "invalid_type",[39m
[31m    "expected": "object",[39m
[31m    "received": "undefined",[39m
[31m    "path": [],[39m
[31m    "message": "Required"[39m
[31m  }[39m
[31m][39m
2025-06-03 13:38:51:3851 [31merror[39m: [31mError occurred: [[39m
[31m  {[39m
[31m    "code": "custom",[39m
[31m    "message": "Both salaryFrom and salaryTo are required when the job is not negotiable.",[39m
[31m    "path": [[39m
[31m      "salaryFrom",[39m
[31m      "salaryTo"[39m
[31m    ][39m
[31m  }[39m
[31m][39m
2025-06-03 13:39:22:3922 [31merror[39m: [31mError occurred: [[39m
[31m  {[39m
[31m    "code": "custom",[39m
[31m    "message": "Both salaryFrom and salaryTo are required when the job is not negotiable.",[39m
[31m    "path": [[39m
[31m      "salaryFrom",[39m
[31m      "salaryTo"[39m
[31m    ][39m
[31m  }[39m
[31m][39m
2025-06-03 13:42:19:4219 [31merror[39m: [31mService error at ( updateJob ) => Error: Job not exist[39m
2025-06-03 13:42:19:4219 [31merror[39m: [31mError occurred: Job not exist[39m
2025-06-03 13:43:08:438 [31merror[39m: [31mService error at ( updateJob ) => Error: Job Title already exist[39m
2025-06-03 13:43:08:438 [31merror[39m: [31mError occurred: Job Title already exist[39m
2025-06-03 13:43:49:4349 [31merror[39m: [31mService error at ( deleteJob ) => Error: Job not exist[39m
2025-06-03 13:43:49:4349 [31merror[39m: [31mError occurred: Job not exist[39m
2025-06-03 14:41:38:4138 [31merror[39m: [31mError occurred: input must be a 24 character hex string, 12 byte Uint8Array, or an integer[39m
2025-06-03 14:41:39:4139 [31merror[39m: [31mError occurred: input must be a 24 character hex string, 12 byte Uint8Array, or an integer[39m
2025-06-03 14:41:59:4159 [31merror[39m: [31mError occurred: input must be a 24 character hex string, 12 byte Uint8Array, or an integer[39m
2025-06-03 15:47:45:4745 [31merror[39m: [31mError occurred: [[39m
[31m  {[39m
[31m    "validation": "regex",[39m
[31m    "code": "invalid_string",[39m
[31m    "message": "Invalid ObjectId",[39m
[31m    "path": [[39m
[31m      "category"[39m
[31m    ][39m
[31m  }[39m
[31m][39m
2025-06-03 16:09:10:910 [31merror[39m: [31mError occurred: input must be a 24 character hex string, 12 byte Uint8Array, or an integer[39m
2025-06-03 16:09:10:910 [31merror[39m: [31mError occurred: input must be a 24 character hex string, 12 byte Uint8Array, or an integer[39m
2025-06-03 16:41:34:4134 [31merror[39m: [31mService error at ( createJob ) => ValidationError: info: Path `info` is required.[39m
2025-06-03 16:41:34:4134 [31merror[39m: [31mError occurred: Job validation failed: info: Path `info` is required.[39m
2025-06-03 16:41:39:4139 [31merror[39m: [31mService error at ( createJob ) => ValidationError: info: Path `info` is required.[39m
2025-06-03 16:41:39:4139 [31merror[39m: [31mError occurred: Job validation failed: info: Path `info` is required.[39m
2025-06-03 16:41:44:4144 [31merror[39m: [31mService error at ( createJob ) => ValidationError: info: Path `info` is required.[39m
2025-06-03 16:41:44:4144 [31merror[39m: [31mError occurred: Job validation failed: info: Path `info` is required.[39m
